<?xml version="1.0" encoding="UTF-8"?>
<!-- Generated by org.testng.reporters.JUnitReportReporter -->
<testsuite hostname="MYSHEC363760L" failures="0" tests="7" name="testngReportStepDef.TestRunner" time="4.818" errors="0" timestamp="2020-12-08T05:23:25 IST" skipped="0">
  <testcase classname="testngReportStepDef.TestRunner" name="test_given" time="0.939"/>
  <system-out/>
  <testcase classname="testngReportStepDef.TestRunner" name="test_then" time="2.168"/>
  <system-out/>
  <testcase classname="testngReportStepDef.TestRunner" name="test_when" time="0.232"/>
  <system-out/>
  <testcase classname="testngReportStepDef.TestRunner" name="test_when" time="0.223"/>
  <system-out/>
  <testcase classname="testngReportStepDef.TestRunner" name="test_then" time="0.491"/>
  <system-out/>
  <testcase classname="testngReportStepDef.TestRunner" name="test_when" time="0.247"/>
  <system-out/>
  <testcase classname="testngReportStepDef.TestRunner" name="test_then" time="0.518"/>
  <system-out/>
</testsuite> <!-- testngReportStepDef.TestRunner -->
