<?xml version="1.0" encoding="UTF-8"?>
<!-- Generated by org.testng.reporters.JUnitReportReporter -->
<testsuite hostname="MYSHEC363760L" failures="0" tests="9" name="testing.TestRunner" time="17.052" errors="0" timestamp="2020-12-07T11:05:46 IST" skipped="0">
  <testcase classname="testing.TestRunner" name="test_then" time="1.086"/>
  <system-out/>
  <testcase classname="testing.TestRunner" name="test_when" time="0.570"/>
  <system-out/>
  <testcase classname="testing.TestRunner" name="test_then" time="0.917"/>
  <system-out/>
  <testcase classname="testing.TestRunner" name="test_then" time="11.206"/>
  <system-out/>
  <testcase classname="testing.TestRunner" name="test_given" time="1.050"/>
  <system-out/>
  <testcase classname="testing.TestRunner" name="test_when" time="0.331"/>
  <system-out/>
  <testcase classname="testing.TestRunner" name="test_when" time="0.269"/>
  <system-out/>
  <testcase classname="testing.TestRunner" name="test_then" time="0.868"/>
  <system-out/>
  <testcase classname="testing.TestRunner" name="test_when" time="0.755"/>
  <system-out/>
</testsuite> <!-- testing.TestRunner -->
