<?xml version="1.0" encoding="UTF-8"?>
<!-- Generated by org.testng.reporters.JUnitReportReporter -->
<testsuite hostname="MYSHEC363760L" failures="0" tests="9" name="testing.TestRunner" time="12.407" errors="0" timestamp="2020-12-07T12:36:20 IST" skipped="0">
  <testcase classname="testing.TestRunner" name="test_then" time="1.115"/>
  <system-out/>
  <testcase classname="testing.TestRunner" name="test_then" time="1.155"/>
  <system-out/>
  <testcase classname="testing.TestRunner" name="test_then" time="1.253"/>
  <system-out/>
  <testcase classname="testing.TestRunner" name="test_when" time="0.973"/>
  <system-out/>
  <testcase classname="testing.TestRunner" name="test_then" time="3.691"/>
  <system-out/>
  <testcase classname="testing.TestRunner" name="test_when" time="1.204"/>
  <system-out/>
  <testcase classname="testing.TestRunner" name="test_given" time="0.889"/>
  <system-out/>
  <testcase classname="testing.TestRunner" name="test_when" time="0.902"/>
  <system-out/>
  <testcase classname="testing.TestRunner" name="test_when" time="1.225"/>
  <system-out/>
</testsuite> <!-- testing.TestRunner -->
