<?xml version="1.0" encoding="UTF-8"?>
<!-- Generated by org.testng.reporters.JUnitReportReporter -->
<testsuite hostname="MYSHEC363760L" failures="0" tests="9" name="annotationStepDef.TestRunner" time="5.189" errors="0" timestamp="2020-12-08T04:54:16 IST" skipped="0">
  <testcase classname="annotationStepDef.TestRunner" name="test_then_validate" time="1.973"/>
  <system-out/>
  <testcase classname="annotationStepDef.TestRunner" name="test_when_posted" time="0.225"/>
  <system-out/>
  <testcase classname="annotationStepDef.TestRunner" name="test_when_posted" time="0.248"/>
  <system-out/>
  <testcase classname="annotationStepDef.TestRunner" name="test_then_validate" time="0.477"/>
  <system-out/>
  <testcase classname="annotationStepDef.TestRunner" name="test_then_validate" time="0.503"/>
  <system-out/>
  <testcase classname="annotationStepDef.TestRunner" name="test_then_validate" time="0.501"/>
  <system-out/>
  <testcase classname="annotationStepDef.TestRunner" name="test_given_api" time="0.786"/>
  <system-out/>
  <testcase classname="annotationStepDef.TestRunner" name="test_when_posted" time="0.232"/>
  <system-out/>
  <testcase classname="annotationStepDef.TestRunner" name="test_when_posted" time="0.244"/>
  <system-out/>
</testsuite> <!-- annotationStepDef.TestRunner -->
