<?xml version="1.0" encoding="UTF-8"?>
<!-- Generated by org.testng.reporters.JUnitReportReporter -->
<testsuite hostname="MYSHEC363760L" failures="0" tests="3" name="testing.ForeignExchange" time="6.351" errors="0" timestamp="2020-12-06T17:18:59 IST" skipped="0">
  <testcase classname="testing.ForeignExchange" name="test_given" time="1.446"/>
  <system-out/>
  <testcase classname="testing.ForeignExchange" name="test_when" time="0.490"/>
  <system-out/>
  <testcase classname="testing.ForeignExchange" name="test_then" time="4.415"/>
  <system-out/>
</testsuite> <!-- testing.ForeignExchange -->
