<?xml version="1.0" encoding="UTF-8"?>
<!-- Generated by org.testng.reporters.JUnitReportReporter -->
<testsuite hostname="MYSHEC363760L" failures="0" tests="3" name="frameworkStepDefinitions.TestRunner" time="7.193" errors="0" timestamp="2020-12-08T00:07:51 IST" skipped="0">
  <testcase classname="frameworkStepDefinitions.TestRunner" name="test_given_api" time="0.896"/>
  <system-out/>
  <testcase classname="frameworkStepDefinitions.TestRunner" name="test_then_validate" time="5.551"/>
  <system-out/>
  <testcase classname="frameworkStepDefinitions.TestRunner" name="test_when_posted" time="0.746"/>
  <system-out/>
</testsuite> <!-- frameworkStepDefinitions.TestRunner -->
