<?xml version="1.0" encoding="UTF-8"?>
<!-- Generated by org.testng.reporters.JUnitReportReporter -->
<testsuite hostname="MYSHEC363760L" failures="0" tests="3" name="testing.TestRunner" time="5.735" errors="0" timestamp="2020-12-06T17:23:28 IST" skipped="0">
  <testcase classname="testing.TestRunner" name="test_then" time="2.892"/>
  <system-out/>
  <testcase classname="testing.TestRunner" name="test_when" time="1.560"/>
  <system-out/>
  <testcase classname="testing.TestRunner" name="test_given" time="1.283"/>
  <system-out/>
</testsuite> <!-- testing.TestRunner -->
