<?xml version="1.0" encoding="UTF-8"?>
<!-- Generated by org.testng.reporters.JUnitReportReporter -->
<testsuite hostname="MYSHEC363760L" failures="0" tests="3" name="responseAssertionStepDef.TestRunner" time="3.198" errors="0" timestamp="2020-12-08T02:12:09 IST" skipped="0">
  <testcase classname="responseAssertionStepDef.TestRunner" name="test_then_validate" time="2.028"/>
  <system-out/>
  <testcase classname="responseAssertionStepDef.TestRunner" name="test_when_passing" time="0.269"/>
  <system-out/>
  <testcase classname="responseAssertionStepDef.TestRunner" name="test_given_api" time="0.901"/>
  <system-out/>
</testsuite> <!-- responseAssertionStepDef.TestRunner -->
