<?xml version="1.0" encoding="UTF-8"?>
<!-- Generated by org.testng.reporters.JUnitReportReporter -->
<testsuite hostname="MYSHEC363760L" failures="0" tests="3" name="assertResponseNegativeStepDef.TestRunner" time="4.666" errors="0" timestamp="2020-12-08T03:22:19 IST" skipped="0">
  <testcase classname="assertResponseNegativeStepDef.TestRunner" name="test_when_posted" time="1.620"/>
  <system-out/>
  <testcase classname="assertResponseNegativeStepDef.TestRunner" name="test_given_api" time="0.974"/>
  <system-out/>
  <testcase classname="assertResponseNegativeStepDef.TestRunner" name="test_then_assert" time="2.072"/>
  <system-out/>
</testsuite> <!-- assertResponseNegativeStepDef.TestRunner -->
