<?xml version="1.0" encoding="UTF-8"?>
<!-- Generated by org.testng.reporters.JUnitReportReporter -->
<testsuite hostname="MYSHEC363760L" failures="0" tests="3" name="testing.TestRunner" time="3.329" errors="0" timestamp="2020-12-06T20:11:48 IST" skipped="0">
  <testcase classname="testing.TestRunner" name="test_then" time="2.159"/>
  <system-out/>
  <testcase classname="testing.TestRunner" name="test_when" time="0.473"/>
  <system-out/>
  <testcase classname="testing.TestRunner" name="test_given" time="0.697"/>
  <system-out/>
</testsuite> <!-- testing.TestRunner -->
