<?xml version="1.0" encoding="UTF-8"?>
<!-- Generated by org.testng.reporters.JUnitReportReporter -->
<testsuite hostname="MYSHEC363760L" failures="0" tests="3" name="testing.TestRunner" time="13.059" errors="0" timestamp="2020-12-06T16:22:56 IST" skipped="0">
  <testcase classname="testing.TestRunner" name="test_then" time="8.160"/>
  <system-out/>
  <testcase classname="testing.TestRunner" name="test_when" time="3.580"/>
  <system-out/>
  <testcase classname="testing.TestRunner" name="test_given" time="1.319"/>
  <system-out/>
</testsuite> <!-- testing.TestRunner -->
