<?xml version="1.0" encoding="UTF-8"?>
<!-- Generated by org.testng.reporters.JUnitReportReporter -->
<testsuite hostname="MYSHEC363760L" failures="0" tests="3" name="testing.ResponseParse" time="2.918" errors="0" timestamp="2020-12-06T14:50:15 IST" skipped="0">
  <testcase classname="testing.ResponseParse" name="test_then" time="1.877"/>
  <system-out/>
  <testcase classname="testing.ResponseParse" name="test_given" time="0.713"/>
  <system-out/>
  <testcase classname="testing.ResponseParse" name="test_when" time="0.328"/>
  <system-out/>
</testsuite> <!-- testing.ResponseParse -->
