<?xml version="1.0" encoding="UTF-8"?>
<!-- Generated by org.testng.reporters.JUnitReportReporter -->
<testsuite hostname="MYSHEC363760L" failures="0" tests="3" name="responseParsingStepDef.TestRunner" time="3.304" errors="0" timestamp="2020-12-08T01:26:19 IST" skipped="0">
  <testcase classname="responseParsingStepDef.TestRunner" name="test_then_log" time="1.949"/>
  <system-out/>
  <testcase classname="responseParsingStepDef.TestRunner" name="test_when_posted" time="0.400"/>
  <system-out/>
  <testcase classname="responseParsingStepDef.TestRunner" name="test_given_api" time="0.955"/>
  <system-out/>
</testsuite> <!-- responseParsingStepDef.TestRunner -->
