<?xml version="1.0" encoding="UTF-8"?>
<!-- Generated by org.testng.reporters.JUnitReportReporter -->
<testsuite hostname="MYSHEC363760L" failures="0" tests="3" name="responseParsingStepDef.ResponseParse" time="3.815" errors="0" timestamp="2020-12-08T01:22:39 IST" skipped="0">
  <testcase classname="responseParsingStepDef.ResponseParse" name="test_then_log" time="2.504"/>
  <system-out/>
  <testcase classname="responseParsingStepDef.ResponseParse" name="test_given_api" time="0.915"/>
  <system-out/>
  <testcase classname="responseParsingStepDef.ResponseParse" name="test_when_posted" time="0.396"/>
  <system-out/>
</testsuite> <!-- responseParsingStepDef.ResponseParse -->
