<?xml version="1.0" encoding="UTF-8"?>
<!-- Generated by org.testng.reporters.JUnitReportReporter -->
<testsuite hostname="MYSHEC363760L" failures="0" tests="1" name="restAssuredDemo.WeatherDemo" time="2.263" errors="0" timestamp="2020-12-07T14:37:10 IST" skipped="0">
  <testcase classname="restAssuredDemo.WeatherDemo" name="GetWeatherDetails" time="2.263"/>
  <system-out/>
</testsuite> <!-- restAssuredDemo.WeatherDemo -->
