<?xml version="1.0" encoding="UTF-8"?>
<!-- Generated by org.testng.reporters.JUnitReportReporter -->
<testsuite hostname="MYSHEC363760L" failures="0" tests="3" name="testing.ResponseLogNegative" time="11.236" errors="0" timestamp="2020-12-07T20:47:40 IST" skipped="0">
  <testcase classname="testing.ResponseLogNegative" name="test_given" time="1.497"/>
  <system-out/>
  <testcase classname="testing.ResponseLogNegative" name="test_then" time="8.911"/>
  <system-out/>
  <testcase classname="testing.ResponseLogNegative" name="test_when" time="0.828"/>
  <system-out/>
</testsuite> <!-- testing.ResponseLogNegative -->
