<?xml version="1.0" encoding="UTF-8"?>
<!-- Generated by org.testng.reporters.JUnitReportReporter -->
<testsuite hostname="MYSHEC363760L" failures="0" tests="3" name="testing.TestRunner" time="7.536" errors="0" timestamp="2020-12-06T19:44:25 IST" skipped="0">
  <testcase classname="testing.TestRunner" name="test_then" time="5.335"/>
  <system-out/>
  <testcase classname="testing.TestRunner" name="test_given" time="1.311"/>
  <system-out/>
  <testcase classname="testing.TestRunner" name="test_when" time="0.890"/>
  <system-out/>
</testsuite> <!-- testing.TestRunner -->
