<?xml version="1.0" encoding="UTF-8"?>
<!-- Generated by org.testng.reporters.JUnitReportReporter -->
<testsuite hostname="MYSHEC363760L" failures="0" tests="3" name="responseLogNegStepDef.TestRunner" time="3.670" errors="0" timestamp="2020-12-08T02:49:45 IST" skipped="0">
  <testcase classname="responseLogNegStepDef.TestRunner" name="test_then_log" time="2.251"/>
  <system-out/>
  <testcase classname="responseLogNegStepDef.TestRunner" name="test_when_posted" time="0.479"/>
  <system-out/>
  <testcase classname="responseLogNegStepDef.TestRunner" name="test_given_api" time="0.940"/>
  <system-out/>
</testsuite> <!-- responseLogNegStepDef.TestRunner -->
