<?xml version="1.0" encoding="UTF-8"?>
<!-- Generated by org.testng.reporters.JUnitReportReporter -->
<testsuite hostname="MYSHEC363760L" failures="0" tests="3" name="responseLogFutureStepDef.TestRunner" time="3.776" errors="0" timestamp="2020-12-08T03:50:08 IST" skipped="0">
  <testcase classname="responseLogFutureStepDef.TestRunner" name="test_given_api" time="0.983"/>
  <system-out/>
  <testcase classname="responseLogFutureStepDef.TestRunner" name="test_then_validate" time="2.318"/>
  <system-out/>
  <testcase classname="responseLogFutureStepDef.TestRunner" name="test_when_posted" time="0.475"/>
  <system-out/>
</testsuite> <!-- responseLogFutureStepDef.TestRunner -->
