<?xml version="1.0" encoding="UTF-8"?>
<!-- Generated by org.testng.reporters.JUnitReportReporter -->
<testsuite hostname="MYSHEC363760L" failures="0" tests="3" name="negativeAssertFutureStepDef.TestRunner" time="3.456" errors="0" timestamp="2020-12-08T04:07:00 IST" skipped="0">
  <testcase classname="negativeAssertFutureStepDef.TestRunner" name="test_then_validate" time="2.099"/>
  <system-out/>
  <testcase classname="negativeAssertFutureStepDef.TestRunner" name="test_given" time="0.871"/>
  <system-out/>
  <testcase classname="negativeAssertFutureStepDef.TestRunner" name="test_when_posted" time="0.486"/>
  <system-out/>
</testsuite> <!-- negativeAssertFutureStepDef.TestRunner -->
