<?xml version="1.0" encoding="UTF-8"?>
<!-- Generated by org.testng.reporters.JUnitReportReporter -->
<testsuite hostname="MYSHEC363760L" failures="0" tests="3" name="testing.TestRunner" time="10.107" errors="0" timestamp="2020-12-07T00:59:54 IST" skipped="0">
  <testcase classname="testing.TestRunner" name="test_then" time="4.382"/>
  <system-out/>
  <testcase classname="testing.TestRunner" name="test_when" time="4.482"/>
  <system-out/>
  <testcase classname="testing.TestRunner" name="test_given" time="1.243"/>
  <system-out/>
</testsuite> <!-- testing.TestRunner -->
